<?xml version="1.0" encoding="UTF-8"?>
<testng-results ignored="0" total="2" passed="2" failed="0" skipped="0">
  <reporter-output>
  </reporter-output>
  <suite started-at="2025-05-06T10:25:00 IST" name="Suite1" finished-at="2025-05-06T10:25:09 IST" duration-ms="8580">
    <groups>
    </groups>
    <test started-at="2025-05-06T10:25:00 IST" name="Test1" finished-at="2025-05-06T10:25:09 IST" duration-ms="8580">
      <class name="test.TestNG_Demo2">
        <test-method is-config="true" signature="setUpTest()[pri:0, instance:test.TestNG_Demo2@206a70ef]" started-at="2025-05-06T10:25:02 IST" name="setUpTest" finished-at="2025-05-06T10:25:03 IST" duration-ms="788" status="PASS">
          <reporter-output>
          </reporter-output>
        </test-method> <!-- setUpTest -->
        <test-method signature="googleSearch2()[pri:0, instance:test.TestNG_Demo2@206a70ef]" started-at="2025-05-06T10:25:03 IST" name="googleSearch2" finished-at="2025-05-06T10:25:09 IST" duration-ms="6201" status="PASS">
          <reporter-output>
          </reporter-output>
        </test-method> <!-- googleSearch2 -->
        <test-method is-config="true" signature="tearDownTest()[pri:0, instance:test.TestNG_Demo2@206a70ef]" started-at="2025-05-06T10:25:09 IST" name="tearDownTest" finished-at="2025-05-06T10:25:09 IST" duration-ms="108" status="PASS">
          <reporter-output>
          </reporter-output>
        </test-method> <!-- tearDownTest -->
      </class> <!-- test.TestNG_Demo2 -->
      <class name="test.TestNG_Demo">
        <test-method is-config="true" signature="setUpTest()[pri:0, instance:test.TestNG_Demo@75d4a5c2]" started-at="2025-05-06T10:25:00 IST" name="setUpTest" finished-at="2025-05-06T10:25:02 IST" duration-ms="1290" status="PASS">
          <reporter-output>
          </reporter-output>
        </test-method> <!-- setUpTest -->
        <test-method signature="googleSearch()[pri:0, instance:test.TestNG_Demo@75d4a5c2]" started-at="2025-05-06T10:25:03 IST" name="googleSearch" finished-at="2025-05-06T10:25:09 IST" duration-ms="6136" status="PASS">
          <reporter-output>
          </reporter-output>
        </test-method> <!-- googleSearch -->
        <test-method is-config="true" signature="tearDownTest()[pri:0, instance:test.TestNG_Demo@75d4a5c2]" started-at="2025-05-06T10:25:09 IST" name="tearDownTest" finished-at="2025-05-06T10:25:09 IST" duration-ms="176" status="PASS">
          <reporter-output>
          </reporter-output>
        </test-method> <!-- tearDownTest -->
      </class> <!-- test.TestNG_Demo -->
    </test> <!-- Test1 -->
  </suite> <!-- Suite1 -->
</testng-results>
